<?xml version="1.0" encoding="UTF-8"?>
<testng-results ignored="0" total="1" passed="1" failed="0" skipped="0">
  <reporter-output>
  </reporter-output>
  <suite started-at="2023-07-04T10:56:22 IST" name="Default suite" finished-at="2023-07-04T10:56:27 IST" duration-ms="5263">
    <groups>
    </groups>
    <test started-at="2023-07-04T10:56:22 IST" name="Default test" finished-at="2023-07-04T10:56:27 IST" duration-ms="5263">
      <class name="rlogin.LoginTest">
        <test-method is-config="true" signature="setUp()[pri:0, instance:rlogin.LoginTest@1e800aaa]" started-at="2023-07-04T10:56:22 IST" name="setUp" finished-at="2023-07-04T10:56:25 IST" duration-ms="2777" status="PASS">
          <reporter-output>
          </reporter-output>
        </test-method> <!-- setUp -->
        <test-method signature="testLogin()[pri:0, instance:rlogin.LoginTest@1e800aaa]" started-at="2023-07-04T10:56:25 IST" name="testLogin" finished-at="2023-07-04T10:56:27 IST" duration-ms="2253" status="PASS">
          <reporter-output>
          </reporter-output>
        </test-method> <!-- testLogin -->
        <test-method is-config="true" signature="testDown()[pri:0, instance:rlogin.LoginTest@1e800aaa]" started-at="2023-07-04T10:56:27 IST" name="testDown" finished-at="2023-07-04T10:56:27 IST" duration-ms="197" status="PASS">
          <reporter-output>
          </reporter-output>
        </test-method> <!-- testDown -->
      </class> <!-- rlogin.LoginTest -->
    </test> <!-- Default test -->
  </suite> <!-- Default suite -->
</testng-results>
